“2023-02-11 17:07:55,263 INFO  [restartedMain] com.tpe.ecommerce.EcommerceApplication:Starting EcommerceApplication using Java 18.0.2.1 with PID 7796 (C:\Users\Admin\IdeaProjects\SpringBoot\ecommerce\target\classes started by Admin in C:\Users\Admin\IdeaProjects\SpringBoot\ecommerce)
”“2023-02-11 17:07:55,265 DEBUG [restartedMain] com.tpe.ecommerce.EcommerceApplication:Running with Spring Boot v3.0.2, Spring v6.0.4
”“2023-02-11 17:07:55,265 INFO  [restartedMain] com.tpe.ecommerce.EcommerceApplication:No active profile set, falling back to 1 default profile: "default"
”“2023-02-11 17:07:55,320 INFO  [restartedMain] org.springframework.boot.devtools.env.DevToolsPropertyDefaultsPostProcessor:Devtools property defaults active! Set 'spring.devtools.add-properties' to 'false' to disable
”“2023-02-11 17:07:55,320 INFO  [restartedMain] org.springframework.boot.devtools.env.DevToolsPropertyDefaultsPostProcessor:For additional web related logging consider setting the 'logging.level.web' property to 'DEBUG'
”“2023-02-11 17:07:56,476 INFO  [restartedMain] org.springframework.data.repository.config.RepositoryConfigurationDelegate:Bootstrapping Spring Data JPA repositories in DEFAULT mode.
”“2023-02-11 17:07:56,498 INFO  [restartedMain] org.springframework.data.repository.config.RepositoryConfigurationDelegate:Finished Spring Data repository scanning in 12 ms. Found 0 JPA repository interfaces.
”“2023-02-11 17:07:57,111 INFO  [restartedMain] org.springframework.boot.web.embedded.tomcat.TomcatWebServer:Tomcat initialized with port(s): 8081 (http)
”“2023-02-11 17:07:57,122 INFO  [restartedMain] org.apache.catalina.core.StandardService:Starting service [Tomcat]
”“2023-02-11 17:07:57,122 INFO  [restartedMain] org.apache.catalina.core.StandardEngine:Starting Servlet engine: [Apache Tomcat/10.1.5]
”“2023-02-11 17:07:57,196 INFO  [restartedMain] org.apache.catalina.core.ContainerBase.[Tomcat].[localhost].[/]:Initializing Spring embedded WebApplicationContext
”“2023-02-11 17:07:57,196 INFO  [restartedMain] org.springframework.boot.web.servlet.context.ServletWebServerApplicationContext:Root WebApplicationContext: initialization completed in 1875 ms
”“2023-02-11 17:07:57,435 INFO  [restartedMain] org.hibernate.jpa.internal.util.LogHelper:HHH000204: Processing PersistenceUnitInfo [name: default]
”“2023-02-11 17:07:57,501 INFO  [restartedMain] org.hibernate.Version:HHH000412: Hibernate ORM core version 6.1.6.Final
”“2023-02-11 17:07:57,684 WARN  [restartedMain] org.hibernate.orm.deprecation:HHH90000021: Encountered deprecated setting [javax.persistence.sharedCache.mode], use [jakarta.persistence.sharedCache.mode] instead
”“2023-02-11 17:07:57,808 INFO  [restartedMain] com.zaxxer.hikari.HikariDataSource:HikariPool-1 - Starting...
”“2023-02-11 17:07:57,972 INFO  [restartedMain] com.zaxxer.hikari.pool.HikariPool:HikariPool-1 - Added connection org.postgresql.jdbc.PgConnection@35f2e5b4
”“2023-02-11 17:07:57,973 INFO  [restartedMain] com.zaxxer.hikari.HikariDataSource:HikariPool-1 - Start completed.
”“2023-02-11 17:07:57,995 INFO  [restartedMain] SQL dialect:HHH000400: Using dialect: org.hibernate.dialect.PostgreSQL9Dialect
”“2023-02-11 17:07:57,995 WARN  [restartedMain] org.hibernate.orm.deprecation:HHH90000026: PostgreSQL9Dialect has been deprecated; use org.hibernate.dialect.PostgreSQLDialect instead
”“2023-02-11 17:07:58,291 INFO  [restartedMain] org.hibernate.engine.transaction.jta.platform.internal.JtaPlatformInitiator:HHH000490: Using JtaPlatform implementation: [org.hibernate.engine.transaction.jta.platform.internal.NoJtaPlatform]
”“2023-02-11 17:07:58,304 INFO  [restartedMain] org.springframework.orm.jpa.LocalContainerEntityManagerFactoryBean:Initialized JPA EntityManagerFactory for persistence unit 'default'
”“2023-02-11 17:07:58,354 WARN  [restartedMain] org.springframework.boot.autoconfigure.orm.jpa.JpaBaseConfiguration$JpaWebConfiguration:spring.jpa.open-in-view is enabled by default. Therefore, database queries may be performed during view rendering. Explicitly configure spring.jpa.open-in-view to disable this warning
”“2023-02-11 17:07:58,797 INFO  [restartedMain] org.springframework.boot.devtools.autoconfigure.OptionalLiveReloadServer:LiveReload server is running on port 35729
”“2023-02-11 17:07:58,802 INFO  [restartedMain] org.springframework.boot.actuate.endpoint.web.EndpointLinksResolver:Exposing 4 endpoint(s) beneath base path '/actuator'
”“2023-02-11 17:07:58,866 INFO  [restartedMain] org.springframework.boot.web.embedded.tomcat.TomcatWebServer:Tomcat started on port(s): 8081 (http) with context path ''
”“2023-02-11 17:07:58,878 INFO  [restartedMain] com.tpe.ecommerce.EcommerceApplication:Started EcommerceApplication in 4.222 seconds (process running for 5.552)
”“2023-02-11 17:07:59,385 INFO  [RMI TCP Connection(6)-192.168.0.236] org.apache.catalina.core.ContainerBase.[Tomcat].[localhost].[/]:Initializing Spring DispatcherServlet 'dispatcherServlet'
”“2023-02-11 17:14:13,861 INFO  [SpringApplicationShutdownHook] org.springframework.orm.jpa.LocalContainerEntityManagerFactoryBean:Closing JPA EntityManagerFactory for persistence unit 'default'
”“2023-02-11 17:14:13,864 INFO  [SpringApplicationShutdownHook] com.zaxxer.hikari.HikariDataSource:HikariPool-1 - Shutdown initiated...
”“2023-02-11 17:14:13,866 INFO  [SpringApplicationShutdownHook] com.zaxxer.hikari.HikariDataSource:HikariPool-1 - Shutdown completed.
”