“2023-02-10 09:27:58,076 INFO  [restartedMain] com.tpe.SpringBootIntroApplication:Starting SpringBootIntroApplication using Java 18.0.2.1 with PID 16748 (C:\Users\Admin\IdeaProjects\SpringBoot\SpringBootIntro\target\classes started by Admin in C:\Users\Admin\IdeaProjects\SpringBoot\SpringBootIntro)
”“2023-02-10 09:27:58,085 DEBUG [restartedMain] com.tpe.SpringBootIntroApplication:Running with Spring Boot v3.0.2, Spring v6.0.4
”“2023-02-10 09:27:58,086 INFO  [restartedMain] com.tpe.SpringBootIntroApplication:No active profile set, falling back to 1 default profile: "default"
”“2023-02-10 09:27:58,154 INFO  [restartedMain] org.springframework.boot.devtools.env.DevToolsPropertyDefaultsPostProcessor:Devtools property defaults active! Set 'spring.devtools.add-properties' to 'false' to disable
”“2023-02-10 09:27:58,156 INFO  [restartedMain] org.springframework.boot.devtools.env.DevToolsPropertyDefaultsPostProcessor:For additional web related logging consider setting the 'logging.level.web' property to 'DEBUG'
”“2023-02-10 09:27:59,241 INFO  [restartedMain] org.springframework.data.repository.config.RepositoryConfigurationDelegate:Bootstrapping Spring Data JPA repositories in DEFAULT mode.
”“2023-02-10 09:27:59,317 INFO  [restartedMain] org.springframework.data.repository.config.RepositoryConfigurationDelegate:Finished Spring Data repository scanning in 64 ms. Found 2 JPA repository interfaces.
”“2023-02-10 09:27:59,839 INFO  [restartedMain] org.springframework.boot.web.embedded.tomcat.TomcatWebServer:Tomcat initialized with port(s): 8080 (http)
”“2023-02-10 09:27:59,847 INFO  [restartedMain] org.apache.catalina.core.StandardService:Starting service [Tomcat]
”“2023-02-10 09:27:59,847 INFO  [restartedMain] org.apache.catalina.core.StandardEngine:Starting Servlet engine: [Apache Tomcat/10.1.5]
”“2023-02-10 09:27:59,905 INFO  [restartedMain] org.apache.catalina.core.ContainerBase.[Tomcat].[localhost].[/]:Initializing Spring embedded WebApplicationContext
”“2023-02-10 09:27:59,906 INFO  [restartedMain] org.springframework.boot.web.servlet.context.ServletWebServerApplicationContext:Root WebApplicationContext: initialization completed in 1748 ms
”“2023-02-10 09:28:00,133 INFO  [restartedMain] org.hibernate.jpa.internal.util.LogHelper:HHH000204: Processing PersistenceUnitInfo [name: default]
”“2023-02-10 09:28:00,190 INFO  [restartedMain] org.hibernate.Version:HHH000412: Hibernate ORM core version 6.1.6.Final
”“2023-02-10 09:28:00,435 WARN  [restartedMain] org.hibernate.orm.deprecation:HHH90000021: Encountered deprecated setting [javax.persistence.sharedCache.mode], use [jakarta.persistence.sharedCache.mode] instead
”“2023-02-10 09:28:00,583 INFO  [restartedMain] com.zaxxer.hikari.HikariDataSource:HikariPool-1 - Starting...
”“2023-02-10 09:28:00,945 INFO  [restartedMain] com.zaxxer.hikari.pool.HikariPool:HikariPool-1 - Added connection org.postgresql.jdbc.PgConnection@7074990d
”“2023-02-10 09:28:00,947 INFO  [restartedMain] com.zaxxer.hikari.HikariDataSource:HikariPool-1 - Start completed.
”“2023-02-10 09:28:00,968 INFO  [restartedMain] SQL dialect:HHH000400: Using dialect: org.hibernate.dialect.PostgreSQL9Dialect
”“2023-02-10 09:28:00,969 WARN  [restartedMain] org.hibernate.orm.deprecation:HHH90000026: PostgreSQL9Dialect has been deprecated; use org.hibernate.dialect.PostgreSQLDialect instead
”“2023-02-10 09:28:01,897 INFO  [restartedMain] org.hibernate.engine.transaction.jta.platform.internal.JtaPlatformInitiator:HHH000490: Using JtaPlatform implementation: [org.hibernate.engine.transaction.jta.platform.internal.NoJtaPlatform]
”“2023-02-10 09:28:01,906 INFO  [restartedMain] org.springframework.orm.jpa.LocalContainerEntityManagerFactoryBean:Initialized JPA EntityManagerFactory for persistence unit 'default'
”“2023-02-10 09:28:02,434 WARN  [restartedMain] org.springframework.boot.autoconfigure.orm.jpa.JpaBaseConfiguration$JpaWebConfiguration:spring.jpa.open-in-view is enabled by default. Therefore, database queries may be performed during view rendering. Explicitly configure spring.jpa.open-in-view to disable this warning
”“2023-02-10 09:28:02,875 INFO  [restartedMain] org.springframework.boot.devtools.autoconfigure.OptionalLiveReloadServer:LiveReload server is running on port 35729
”“2023-02-10 09:28:02,883 INFO  [restartedMain] org.springframework.boot.actuate.endpoint.web.EndpointLinksResolver:Exposing 4 endpoint(s) beneath base path '/actuator'
”“2023-02-10 09:28:02,959 INFO  [restartedMain] org.springframework.boot.web.embedded.tomcat.TomcatWebServer:Tomcat started on port(s): 8080 (http) with context path ''
”“2023-02-10 09:28:02,972 INFO  [restartedMain] com.tpe.SpringBootIntroApplication:Started SpringBootIntroApplication in 5.53 seconds (process running for 17.516)
”